<?xml version="1.0" encoding="UTF-8"?>
<!-- Generated by org.testng.reporters.JUnitReportReporter -->
<testsuite hostname="welcome-PC" name="com.facebook.testcases.TC_logintest_001" tests="1" failures="0" timestamp="15 Jul 2019 10:03:58 GMT" time="1.447" errors="0">
  <testcase name="setup1" time="1.447" classname="com.facebook.testcases.TC_logintest_001"/>
</testsuite> <!-- com.facebook.testcases.TC_logintest_001 -->
