<?xml version="1.0" encoding="UTF-8"?>
<!-- Generated by org.testng.reporters.JUnitReportReporter -->
<testsuite skipped="0" hostname="welcome-PC" name="com.facebook.testcases.TC_logintest_001" tests="1" failures="0" timestamp="15 Jul 2019 10:18:49 GMT" time="3.821" errors="0">
  <testcase name="setup1" time="3.821" classname="com.facebook.testcases.TC_logintest_001"/>
</testsuite> <!-- com.facebook.testcases.TC_logintest_001 -->
